Build started 9/23/2015 12:03:18 PM.
     1>Project "C:\Users\Michael.Ralston\Documents\Visual Studio 2015\Projects\DAND\DAND\DAND.vcxproj" on node 2 (Build target(s)).
     1>ClCompile:
         C:\Program Files (x86)\Microsoft Visual Studio 14.0\VC\bin\CL.exe /c /ZI /nologo /W3 /WX- /sdl /Od /Oy- /D _MBCS /Gm /EHsc /RTC1 /MDd /GS /fp:precise /Zc:wchar_t /Zc:forScope /Zc:inline /Fo"Debug\\" /Fd"Debug\vc140.pdb" /Gd /TP /analyze- /errorReport:prompt "Dice roll.cpp" PlayerStats.cpp
         PlayerStats.cpp
     1>c:\users\michael.ralston\documents\visual studio 2015\projects\dand\dand\playerstats.cpp(16): warning C4101: 'playerStat': unreferenced local variable
     1>c:\users\michael.ralston\documents\visual studio 2015\projects\dand\dand\playerstats.cpp(14): warning C4101: 'tempDice': unreferenced local variable
     1>c:\users\michael.ralston\documents\visual studio 2015\projects\dand\dand\playerstats.cpp(15): warning C4101: 'tempStat': unreferenced local variable
         Dice roll.cpp
     1>c:\users\michael.ralston\documents\visual studio 2015\projects\dand\dand\dice roll.cpp(13): warning C4244: 'argument': conversion from 'time_t' to 'unsigned int', possible loss of data
         Generating Code...
       Link:
         C:\Program Files (x86)\Microsoft Visual Studio 14.0\VC\bin\link.exe /ERRORREPORT:PROMPT /OUT:"C:\Users\Michael.Ralston\Documents\Visual Studio 2015\Projects\DAND\Debug\DAND.exe" /INCREMENTAL /NOLOGO kernel32.lib user32.lib gdi32.lib winspool.lib comdlg32.lib advapi32.lib shell32.lib ole32.lib oleaut32.lib uuid.lib odbc32.lib odbccp32.lib /MANIFEST /MANIFESTUAC:"level='asInvoker' uiAccess='false'" /manifest:embed /Debug /PDB:"C:\Users\Michael.Ralston\Documents\Visual Studio 2015\Projects\DAND\Debug\DAND.pdb" /TLBID:1 /DYNAMICBASE /NXCOMPAT /IMPLIB:"C:\Users\Michael.Ralston\Documents\Visual Studio 2015\Projects\DAND\Debug\DAND.lib" /MACHINE:X86 "Debug\Dice roll.obj"
         Debug\PlayerStats.obj
     1>PlayerStats.obj : error LNK2005: _main already defined in Dice roll.obj
     1>C:\Users\Michael.Ralston\Documents\Visual Studio 2015\Projects\DAND\Debug\DAND.exe : fatal error LNK1169: one or more multiply defined symbols found
     1>Done Building Project "C:\Users\Michael.Ralston\Documents\Visual Studio 2015\Projects\DAND\DAND\DAND.vcxproj" (Build target(s)) -- FAILED.

Build FAILED.

Time Elapsed 00:00:01.47
